2022-11-20 11:19:47 error: uncaughtException: Cannot find module './routes/profile'
Error: Cannot find module './routes/profile'
    at Function.Module._resolveFilename (internal/modules/cjs/loader.js:580:15)
    at Function.Module._load (internal/modules/cjs/loader.js:506:25)
    at Module.require (internal/modules/cjs/loader.js:636:17)
    at require (internal/modules/cjs/helpers.js:20:18)
    at Object.<anonymous> (/Users/hasma00/Documents/Pesto/SastaCouponBackEnd/index.js:14:17)
    at Module._compile (internal/modules/cjs/loader.js:688:30)
    at Object.Module._extensions..js (internal/modules/cjs/loader.js:699:10)
    at Module.load (internal/modules/cjs/loader.js:598:32)
    at tryModuleLoad (internal/modules/cjs/loader.js:537:12)
    at Function.Module._load (internal/modules/cjs/loader.js:529:3)
2022-11-20 11:20:41 error: uncaughtException: Cannot find module './routes/profile'
Error: Cannot find module './routes/profile'
    at Function.Module._resolveFilename (internal/modules/cjs/loader.js:580:15)
    at Function.Module._load (internal/modules/cjs/loader.js:506:25)
    at Module.require (internal/modules/cjs/loader.js:636:17)
    at require (internal/modules/cjs/helpers.js:20:18)
    at Object.<anonymous> (/Users/hasma00/Documents/Pesto/SastaCouponBackEnd/index.js:14:17)
    at Module._compile (internal/modules/cjs/loader.js:688:30)
    at Object.Module._extensions..js (internal/modules/cjs/loader.js:699:10)
    at Module.load (internal/modules/cjs/loader.js:598:32)
    at tryModuleLoad (internal/modules/cjs/loader.js:537:12)
    at Function.Module._load (internal/modules/cjs/loader.js:529:3)
2022-11-20 11:20:52 error: uncaughtException: Cannot find module './routes/profile'
Error: Cannot find module './routes/profile'
    at Function.Module._resolveFilename (internal/modules/cjs/loader.js:580:15)
    at Function.Module._load (internal/modules/cjs/loader.js:506:25)
    at Module.require (internal/modules/cjs/loader.js:636:17)
    at require (internal/modules/cjs/helpers.js:20:18)
    at Object.<anonymous> (/Users/hasma00/Documents/Pesto/SastaCouponBackEnd/index.js:14:17)
    at Module._compile (internal/modules/cjs/loader.js:688:30)
    at Object.Module._extensions..js (internal/modules/cjs/loader.js:699:10)
    at Module.load (internal/modules/cjs/loader.js:598:32)
    at tryModuleLoad (internal/modules/cjs/loader.js:537:12)
    at Function.Module._load (internal/modules/cjs/loader.js:529:3)
2022-11-20 11:21:10 error: uncaughtException: Cannot find module './routes/profile'
Error: Cannot find module './routes/profile'
    at Function.Module._resolveFilename (internal/modules/cjs/loader.js:580:15)
    at Function.Module._load (internal/modules/cjs/loader.js:506:25)
    at Module.require (internal/modules/cjs/loader.js:636:17)
    at require (internal/modules/cjs/helpers.js:20:18)
    at Object.<anonymous> (/Users/hasma00/Documents/Pesto/SastaCouponBackEnd/index.js:14:17)
    at Module._compile (internal/modules/cjs/loader.js:688:30)
    at Object.Module._extensions..js (internal/modules/cjs/loader.js:699:10)
    at Module.load (internal/modules/cjs/loader.js:598:32)
    at tryModuleLoad (internal/modules/cjs/loader.js:537:12)
    at Function.Module._load (internal/modules/cjs/loader.js:529:3)
2022-11-20 11:21:42 error: uncaughtException: Cannot find module './routes/profile'
Error: Cannot find module './routes/profile'
    at Function.Module._resolveFilename (internal/modules/cjs/loader.js:580:15)
    at Function.Module._load (internal/modules/cjs/loader.js:506:25)
    at Module.require (internal/modules/cjs/loader.js:636:17)
    at require (internal/modules/cjs/helpers.js:20:18)
    at Object.<anonymous> (/Users/hasma00/Documents/Pesto/SastaCouponBackEnd/index.js:14:17)
    at Module._compile (internal/modules/cjs/loader.js:688:30)
    at Object.Module._extensions..js (internal/modules/cjs/loader.js:699:10)
    at Module.load (internal/modules/cjs/loader.js:598:32)
    at tryModuleLoad (internal/modules/cjs/loader.js:537:12)
    at Function.Module._load (internal/modules/cjs/loader.js:529:3)
2022-11-20 11:23:33 error: uncaughtException: Cannot find module './routes/profile'
Error: Cannot find module './routes/profile'
    at Function.Module._resolveFilename (internal/modules/cjs/loader.js:580:15)
    at Function.Module._load (internal/modules/cjs/loader.js:506:25)
    at Module.require (internal/modules/cjs/loader.js:636:17)
    at require (internal/modules/cjs/helpers.js:20:18)
    at Object.<anonymous> (/Users/hasma00/Documents/Pesto/SastaCouponBackEnd/index.js:14:17)
    at Module._compile (internal/modules/cjs/loader.js:688:30)
    at Object.Module._extensions..js (internal/modules/cjs/loader.js:699:10)
    at Module.load (internal/modules/cjs/loader.js:598:32)
    at tryModuleLoad (internal/modules/cjs/loader.js:537:12)
    at Function.Module._load (internal/modules/cjs/loader.js:529:3)
2022-11-20 11:24:15 error: uncaughtException: Cannot find module './routes/profile'
Error: Cannot find module './routes/profile'
    at Function.Module._resolveFilename (internal/modules/cjs/loader.js:580:15)
    at Function.Module._load (internal/modules/cjs/loader.js:506:25)
    at Module.require (internal/modules/cjs/loader.js:636:17)
    at require (internal/modules/cjs/helpers.js:20:18)
    at Object.<anonymous> (/Users/hasma00/Documents/Pesto/SastaCouponBackEnd/index.js:14:17)
    at Module._compile (internal/modules/cjs/loader.js:688:30)
    at Object.Module._extensions..js (internal/modules/cjs/loader.js:699:10)
    at Module.load (internal/modules/cjs/loader.js:598:32)
    at tryModuleLoad (internal/modules/cjs/loader.js:537:12)
    at Function.Module._load (internal/modules/cjs/loader.js:529:3)
2022-11-20 11:24:38 error: uncaughtException: Cannot find module './routes/profile'
Error: Cannot find module './routes/profile'
    at Function.Module._resolveFilename (internal/modules/cjs/loader.js:580:15)
    at Function.Module._load (internal/modules/cjs/loader.js:506:25)
    at Module.require (internal/modules/cjs/loader.js:636:17)
    at require (internal/modules/cjs/helpers.js:20:18)
    at Object.<anonymous> (/Users/hasma00/Documents/Pesto/SastaCouponBackEnd/index.js:14:17)
    at Module._compile (internal/modules/cjs/loader.js:688:30)
    at Object.Module._extensions..js (internal/modules/cjs/loader.js:699:10)
    at Module.load (internal/modules/cjs/loader.js:598:32)
    at tryModuleLoad (internal/modules/cjs/loader.js:537:12)
    at Function.Module._load (internal/modules/cjs/loader.js:529:3)
2022-11-20 11:24:48 error: uncaughtException: Cannot find module './routes/profile'
Error: Cannot find module './routes/profile'
    at Function.Module._resolveFilename (internal/modules/cjs/loader.js:580:15)
    at Function.Module._load (internal/modules/cjs/loader.js:506:25)
    at Module.require (internal/modules/cjs/loader.js:636:17)
    at require (internal/modules/cjs/helpers.js:20:18)
    at Object.<anonymous> (/Users/hasma00/Documents/Pesto/SastaCouponBackEnd/index.js:14:17)
    at Module._compile (internal/modules/cjs/loader.js:688:30)
    at Object.Module._extensions..js (internal/modules/cjs/loader.js:699:10)
    at Module.load (internal/modules/cjs/loader.js:598:32)
    at tryModuleLoad (internal/modules/cjs/loader.js:537:12)
    at Function.Module._load (internal/modules/cjs/loader.js:529:3)
